[2025-04-03 18:56:53] (ERROR @ /var/www/html/core/src/Revolution/Processors/System/Dashboard/Widget/Feed.php : 87) cURL error 28: Connection timed out after 10001 milliseconds
[2025-04-03 18:56:53] (ERROR @ /var/www/html/core/src/Revolution/Processors/System/Dashboard/Widget/Feed.php : 87) cURL error 28: Connection timed out after 10004 milliseconds
[2025-04-03 19:12:48] (ERROR @ /var/www/html/core/lexicon/ru/access.inc.php : 179) PHP warning: Undefined variable $lang
[2025-04-03 19:12:48] (ERROR @ /var/www/html/core/lexicon/ru/access.inc.php : 179) PHP warning: Trying to access array offset on value of type null
[2025-04-03 19:12:48] (ERROR @ /var/www/html/core/lexicon/ru/access.inc.php : 180) PHP warning: Undefined variable $lang
[2025-04-03 19:12:48] (ERROR @ /var/www/html/core/lexicon/ru/access.inc.php : 180) PHP warning: Trying to access array offset on value of type null
[2025-04-03 19:53:10] (ERROR @ /var/www/html/core/lexicon/ru/access.inc.php : 179) PHP warning: Undefined variable $lang
[2025-04-03 19:53:10] (ERROR @ /var/www/html/core/lexicon/ru/access.inc.php : 179) PHP warning: Trying to access array offset on value of type null
[2025-04-03 19:53:10] (ERROR @ /var/www/html/core/lexicon/ru/access.inc.php : 180) PHP warning: Undefined variable $lang
[2025-04-03 19:53:10] (ERROR @ /var/www/html/core/lexicon/ru/access.inc.php : 180) PHP warning: Trying to access array offset on value of type null
[2025-04-03 20:00:37] (ERROR @ /var/www/html/core/src/Revolution/Processors/System/Dashboard/Widget/Feed.php : 87) cURL error 28: Connection timed out after 10000 milliseconds
[2025-04-03 20:00:38] (ERROR @ /var/www/html/core/src/Revolution/Processors/System/Dashboard/Widget/Feed.php : 87) cURL error 28: Connection timed out after 10000 milliseconds
[2025-04-03 20:02:28] (ERROR @ /var/www/html/core/src/Revolution/Processors/System/Dashboard/Widget/Feed.php : 87) cURL error 28: Connection timed out after 10000 milliseconds
[2025-04-03 20:02:28] (ERROR @ /var/www/html/core/src/Revolution/Processors/System/Dashboard/Widget/Feed.php : 87) cURL error 28: Connection timed out after 10000 milliseconds
[2025-04-03 20:02:32] (ERROR @ /var/www/html/core/src/Revolution/Processors/System/Dashboard/Widget/Feed.php : 87) cURL error 28: Connection timed out after 10000 milliseconds
[2025-04-03 20:02:33] (ERROR @ /var/www/html/core/src/Revolution/Processors/System/Dashboard/Widget/Feed.php : 87) cURL error 28: Connection timed out after 10000 milliseconds
[2025-04-03 20:05:30] (ERROR @ /var/www/html/core/src/Revolution/Processors/System/Dashboard/Widget/Feed.php : 87) cURL error 28: Connection timed out after 10000 milliseconds
[2025-04-03 20:05:31] (ERROR @ /var/www/html/core/src/Revolution/Processors/System/Dashboard/Widget/Feed.php : 87) cURL error 28: Connection timed out after 10000 milliseconds
[2025-04-03 20:05:43] (ERROR @ /var/www/html/core/src/Revolution/Processors/System/Dashboard/Widget/Feed.php : 87) cURL error 28: Connection timed out after 10000 milliseconds
[2025-04-03 20:05:44] (ERROR @ /var/www/html/core/src/Revolution/Processors/System/Dashboard/Widget/Feed.php : 87) cURL error 28: Connection timed out after 10000 milliseconds
[2025-04-03 20:06:13] (ERROR @ /var/www/html/core/src/Revolution/Processors/System/Dashboard/Widget/Feed.php : 87) cURL error 28: Connection timed out after 10000 milliseconds
[2025-04-03 20:06:13] (ERROR @ /var/www/html/core/src/Revolution/Processors/System/Dashboard/Widget/Feed.php : 87) cURL error 28: Connection timed out after 10001 milliseconds
[2025-04-03 20:06:21] (ERROR @ /var/www/html/core/src/Revolution/Processors/System/Dashboard/Widget/Feed.php : 87) cURL error 28: Connection timed out after 10002 milliseconds
[2025-04-03 20:06:23] (ERROR @ /var/www/html/core/src/Revolution/Processors/System/Dashboard/Widget/Feed.php : 87) cURL error 28: Connection timed out after 10001 milliseconds
[2025-04-03 20:07:39] (ERROR @ /var/www/html/core/src/Revolution/Processors/System/Dashboard/Widget/Feed.php : 87) cURL error 28: Connection timed out after 10000 milliseconds
[2025-04-03 20:07:40] (ERROR @ /var/www/html/core/src/Revolution/Processors/System/Dashboard/Widget/Feed.php : 87) cURL error 28: Connection timed out after 10000 milliseconds
[2025-04-03 20:13:15] (ERROR @ /var/www/html/core/src/Revolution/Transport/modTransportPackage.php : 756) PHP warning: A non-numeric value encountered
[2025-04-03 20:13:44] (ERROR @ /var/www/html/core/src/Revolution/Processors/System/Dashboard/Widget/Feed.php : 87) cURL error 28: Connection timed out after 10009 milliseconds
[2025-04-03 20:13:44] (ERROR @ /var/www/html/core/src/Revolution/Processors/System/Dashboard/Widget/Feed.php : 87) cURL error 28: Connection timed out after 10008 milliseconds
[2025-04-03 20:14:00] (ERROR @ /var/www/html/core/src/Revolution/Processors/System/Dashboard/Widget/Feed.php : 87) cURL error 28: Connection timed out after 10000 milliseconds
[2025-04-03 20:14:00] (ERROR @ /var/www/html/core/src/Revolution/Processors/System/Dashboard/Widget/Feed.php : 87) cURL error 28: SSL connection timeout
[2025-04-03 20:20:09] (ERROR @ /var/www/html/manager/controllers/default/resource/data.class.php : 99) PHP warning: A non-numeric value encountered
[2025-04-03 20:26:46] (ERROR @ /var/www/html/core/cache/includes/elements/modx/revolution/modplugin/1.include.cache.php : 78) PHP warning: Undefined property: ElementChunkCreateManagerController::$chunk
[2025-04-03 20:27:34] (ERROR @ /var/www/html/core/cache/includes/elements/modx/revolution/modplugin/1.include.cache.php : 78) PHP warning: Undefined property: ElementChunkCreateManagerController::$chunk
[2025-04-03 20:41:33] (ERROR @ /var/www/html/core/src/Revolution/Processors/System/Dashboard/Widget/Feed.php : 87) cURL error 28: Connection timed out after 10000 milliseconds
[2025-04-03 20:41:33] (ERROR @ /var/www/html/core/src/Revolution/Processors/System/Dashboard/Widget/Feed.php : 87) cURL error 28: Connection timed out after 10000 milliseconds
[2025-04-03 21:17:58] (ERROR @ /var/www/html/core/src/Revolution/Processors/Element/TemplateVar/Configs/mgr/inputproperties/number.php : 25) PHP warning: Undefined array key "allowDecimals"
[2025-04-03 21:17:58] (ERROR @ /var/www/html/core/src/Revolution/Processors/Element/TemplateVar/Configs/mgr/inputproperties/number.php : 25) PHP warning: Undefined array key "allowDecimals"
[2025-04-03 21:17:58] (ERROR @ /var/www/html/core/src/Revolution/Processors/Element/TemplateVar/Configs/mgr/inputproperties/number.php : 26) PHP warning: Undefined array key "strictDecimalPrecision"
[2025-04-03 21:17:58] (ERROR @ /var/www/html/core/src/Revolution/Processors/Element/TemplateVar/Configs/mgr/inputproperties/number.php : 26) PHP warning: Undefined array key "strictDecimalPrecision"
[2025-04-03 21:17:58] (ERROR @ /var/www/html/core/src/Revolution/Processors/Element/TemplateVar/Configs/mgr/inputproperties/number.php : 32) PHP warning: Undefined array key "minValue"
[2025-04-03 21:17:58] (ERROR @ /var/www/html/core/src/Revolution/Processors/Element/TemplateVar/Configs/mgr/inputproperties/number.php : 36) PHP warning: Undefined array key "maxValue"
[2025-04-03 21:18:30] (ERROR @ /var/www/html/core/src/Revolution/Processors/Element/TemplateVar/Configs/mgr/inputproperties/number.php : 26) PHP warning: Undefined array key "strictDecimalPrecision"
[2025-04-03 21:18:30] (ERROR @ /var/www/html/core/src/Revolution/Processors/Element/TemplateVar/Configs/mgr/inputproperties/number.php : 26) PHP warning: Undefined array key "strictDecimalPrecision"
[2025-04-03 21:19:50] (ERROR @ /var/www/html/core/src/Revolution/Processors/Element/TemplateVar/Configs/mgr/inputproperties/number.php : 26) PHP warning: Undefined array key "strictDecimalPrecision"
[2025-04-03 21:19:50] (ERROR @ /var/www/html/core/src/Revolution/Processors/Element/TemplateVar/Configs/mgr/inputproperties/number.php : 26) PHP warning: Undefined array key "strictDecimalPrecision"
[2025-04-04 06:52:42] (ERROR @ /var/www/html/core/src/Revolution/Processors/Element/TemplateVar/Configs/mgr/inputproperties/number.php : 26) PHP warning: Undefined array key "strictDecimalPrecision"
[2025-04-04 06:52:42] (ERROR @ /var/www/html/core/src/Revolution/Processors/Element/TemplateVar/Configs/mgr/inputproperties/number.php : 26) PHP warning: Undefined array key "strictDecimalPrecision"
[2025-04-04 06:53:02] (ERROR @ /var/www/html/core/src/Revolution/Processors/Element/TemplateVar/Configs/mgr/inputproperties/number.php : 26) PHP warning: Undefined array key "strictDecimalPrecision"
[2025-04-04 06:53:02] (ERROR @ /var/www/html/core/src/Revolution/Processors/Element/TemplateVar/Configs/mgr/inputproperties/number.php : 26) PHP warning: Undefined array key "strictDecimalPrecision"
[2025-04-05 08:12:47] (ERROR @ /var/www/html/core/src/Revolution/Processors/System/Dashboard/Widget/Feed.php : 87) cURL error 28: Connection timed out after 10092 milliseconds
[2025-04-05 08:12:47] (ERROR @ /var/www/html/core/src/Revolution/Processors/System/Dashboard/Widget/Feed.php : 87) cURL error 28: Connection timed out after 10039 milliseconds
[2025-04-05 16:06:51] (ERROR in xPDO\xPDOConnection::connect @ /var/www/html/core/vendor/xpdo/xpdo/src/xPDO/xPDOConnection.php : 89) SQLSTATE[HY000] [2002] Connection refused
[2025-04-05 16:06:51] (ERROR @ /var/www/html/core/vendor/xpdo/xpdo/src/xPDO/Om/xPDOQuery.php : 670) Could not construct or prepare query because it is invalid or could not connect: SELECT `modExtensionPackage`.`id`, `modExtensionPackage`.`namespace`, `modExtensionPackage`.`name`, `modExtensionPackage`.`path`, `modExtensionPackage`.`table_prefix`, `modExtensionPackage`.`service_class`, `modExtensionPackage`.`service_name`, `modExtensionPackage`.`created_at`, `modExtensionPackage`.`updated_at`, Namespace.path AS namespace_path FROM `extension_packages` AS `modExtensionPackage` JOIN `namespaces` `Namespace` ON `modExtensionPackage`.`namespace` =  `Namespace`.`name` ORDER BY namespace ASC 
[2025-04-05 16:06:51] (ERROR in xPDO\xPDOConnection::connect @ /var/www/html/core/vendor/xpdo/xpdo/src/xPDO/xPDOConnection.php : 89) SQLSTATE[HY000] [2002] Connection refused
[2025-04-05 16:06:51] (ERROR @ /var/www/html/core/vendor/xpdo/xpdo/src/xPDO/Om/xPDOQuery.php : 670) Could not construct or prepare query because it is invalid or could not connect: SELECT `modSession`.`id` AS `modSession_id`, `modSession`.`access` AS `modSession_access`, `modSession`.`data` AS `modSession_data` FROM `session` AS `modSession` WHERE `modSession`.`id` = ? 
[2025-04-05 16:06:51] (ERROR in xPDO\xPDOConnection::connect @ /var/www/html/core/vendor/xpdo/xpdo/src/xPDO/xPDOConnection.php : 89) SQLSTATE[HY000] [2002] Connection refused
[2025-04-05 16:06:51] (ERROR @ /var/www/html/core/vendor/xpdo/xpdo/src/xPDO/Om/xPDOObject.php : 250) Error preparing statement for query: SELECT `modSession`.`id` AS `modSession_id`, `modSession`.`access` AS `modSession_access`, `modSession`.`data` AS `modSession_data` FROM `session` AS `modSession` WHERE `modSession`.`id` = ?  - 
[2025-04-05 16:06:52] (ERROR in xPDO\xPDOConnection::connect @ /var/www/html/core/vendor/xpdo/xpdo/src/xPDO/xPDOConnection.php : 89) SQLSTATE[HY000] [2002] Connection refused
[2025-04-05 16:06:52] (ERROR @ /var/www/html/core/vendor/xpdo/xpdo/src/xPDO/Om/xPDOQuery.php : 670) Could not construct or prepare query because it is invalid or could not connect: SELECT `modDeprecatedMethod`.`id` AS `modDeprecatedMethod_id`, `modDeprecatedMethod`.`definition` AS `modDeprecatedMethod_definition`, `modDeprecatedMethod`.`since` AS `modDeprecatedMethod_since`, `modDeprecatedMethod`.`recommendation` AS `modDeprecatedMethod_recommendation` FROM `deprecated_method` AS `modDeprecatedMethod` WHERE `modDeprecatedMethod`.`definition` = ? 
[2025-04-05 16:06:52] (ERROR in xPDO\xPDOConnection::connect @ /var/www/html/core/vendor/xpdo/xpdo/src/xPDO/xPDOConnection.php : 89) SQLSTATE[HY000] [2002] Connection refused
[2025-04-05 16:06:52] (ERROR @ /var/www/html/core/vendor/xpdo/xpdo/src/xPDO/Om/xPDOObject.php : 250) Error preparing statement for query: SELECT `modDeprecatedMethod`.`id` AS `modDeprecatedMethod_id`, `modDeprecatedMethod`.`definition` AS `modDeprecatedMethod_definition`, `modDeprecatedMethod`.`since` AS `modDeprecatedMethod_since`, `modDeprecatedMethod`.`recommendation` AS `modDeprecatedMethod_recommendation` FROM `deprecated_method` AS `modDeprecatedMethod` WHERE `modDeprecatedMethod`.`definition` = ?  - 
[2025-04-05 16:06:52] (ERROR @ /var/www/html/core/vendor/xpdo/xpdo/src/xPDO/Om/xPDOObject.php : 251) PHP warning: Trying to access array offset on value of type bool
[2025-04-05 16:06:52] (ERROR @ /var/www/html/core/vendor/xpdo/xpdo/src/xPDO/Om/xPDOObject.php : 251) PHP warning: Trying to access array offset on value of type bool
[2025-04-05 16:06:52] (ERROR in xPDO\xPDOConnection::connect @ /var/www/html/core/vendor/xpdo/xpdo/src/xPDO/xPDOConnection.php : 89) SQLSTATE[HY000] [2002] Connection refused
[2025-04-05 16:06:52] (ERROR @ /var/www/html/core/vendor/xpdo/xpdo/src/xPDO/Om/xPDOQuery.php : 670) Could not construct or prepare query because it is invalid or could not connect: SELECT `modResource`.`id` AS `modResource_id`, `modResource`.`type` AS `modResource_type`, `modResource`.`pagetitle` AS `modResource_pagetitle`, `modResource`.`longtitle` AS `modResource_longtitle`, `modResource`.`description` AS `modResource_description`, `modResource`.`alias` AS `modResource_alias`, `modResource`.`link_attributes` AS `modResource_link_attributes`, `modResource`.`published` AS `modResource_published`, `modResource`.`pub_date` AS `modResource_pub_date`, `modResource`.`unpub_date` AS `modResource_unpub_date`, `modResource`.`parent` AS `modResource_parent`, `modResource`.`isfolder` AS `modResource_isfolder`, `modResource`.`introtext` AS `modResource_introtext`, `modResource`.`content` AS `modResource_content`, `modResource`.`richtext` AS `modResource_richtext`, `modResource`.`template` AS `modResource_template`, `modResource`.`menuindex` AS `modResource_menuindex`, `modResource`.`searchable` AS `modResource_searchable`, `modResource`.`cacheable` AS `modResource_cacheable`, `modResource`.`createdby` AS `modResource_createdby`, `modResource`.`createdon` AS `modResource_createdon`, `modResource`.`editedby` AS `modResource_editedby`, `modResource`.`editedon` AS `modResource_editedon`, `modResource`.`deleted` AS `modResource_deleted`, `modResource`.`deletedon` AS `modResource_deletedon`, `modResource`.`deletedby` AS `modResource_deletedby`, `modResource`.`publishedon` AS `modResource_publishedon`, `modResource`.`publishedby` AS `modResource_publishedby`, `modResource`.`menutitle` AS `modResource_menutitle`, `modResource`.`content_dispo` AS `modResource_content_dispo`, `modResource`.`hidemenu` AS `modResource_hidemenu`, `modResource`.`class_key` AS `modResource_class_key`, `modResource`.`context_key` AS `modResource_context_key`, `modResource`.`content_type` AS `modResource_content_type`, `modResource`.`uri` AS `modResource_uri`, `modResource`.`uri_override` AS `modResource_uri_override`, `modResource`.`hide_children_in_tree` AS `modResource_hide_children_in_tree`, `modResource`.`show_in_tree` AS `modResource_show_in_tree`, `modResource`.`properties` AS `modResource_properties`, `modResource`.`alias_visible` AS `modResource_alias_visible` FROM `site_content` AS `modResource` WHERE  ( `modResource`.`parent` = ? AND `modResource`.`published` = ? AND `modResource`.`deleted` = ? )  
[2025-04-05 16:06:52] (ERROR in xPDO\xPDOConnection::connect @ /var/www/html/core/vendor/xpdo/xpdo/src/xPDO/xPDOConnection.php : 89) SQLSTATE[HY000] [2002] Connection refused
[2025-04-05 16:06:52] (ERROR @ /var/www/html/core/vendor/xpdo/xpdo/src/xPDO/Om/xPDOObject.php : 250) Error preparing statement for query: SELECT `modResource`.`id` AS `modResource_id`, `modResource`.`type` AS `modResource_type`, `modResource`.`pagetitle` AS `modResource_pagetitle`, `modResource`.`longtitle` AS `modResource_longtitle`, `modResource`.`description` AS `modResource_description`, `modResource`.`alias` AS `modResource_alias`, `modResource`.`link_attributes` AS `modResource_link_attributes`, `modResource`.`published` AS `modResource_published`, `modResource`.`pub_date` AS `modResource_pub_date`, `modResource`.`unpub_date` AS `modResource_unpub_date`, `modResource`.`parent` AS `modResource_parent`, `modResource`.`isfolder` AS `modResource_isfolder`, `modResource`.`introtext` AS `modResource_introtext`, `modResource`.`content` AS `modResource_content`, `modResource`.`richtext` AS `modResource_richtext`, `modResource`.`template` AS `modResource_template`, `modResource`.`menuindex` AS `modResource_menuindex`, `modResource`.`searchable` AS `modResource_searchable`, `modResource`.`cacheable` AS `modResource_cacheable`, `modResource`.`createdby` AS `modResource_createdby`, `modResource`.`createdon` AS `modResource_createdon`, `modResource`.`editedby` AS `modResource_editedby`, `modResource`.`editedon` AS `modResource_editedon`, `modResource`.`deleted` AS `modResource_deleted`, `modResource`.`deletedon` AS `modResource_deletedon`, `modResource`.`deletedby` AS `modResource_deletedby`, `modResource`.`publishedon` AS `modResource_publishedon`, `modResource`.`publishedby` AS `modResource_publishedby`, `modResource`.`menutitle` AS `modResource_menutitle`, `modResource`.`content_dispo` AS `modResource_content_dispo`, `modResource`.`hidemenu` AS `modResource_hidemenu`, `modResource`.`class_key` AS `modResource_class_key`, `modResource`.`context_key` AS `modResource_context_key`, `modResource`.`content_type` AS `modResource_content_type`, `modResource`.`uri` AS `modResource_uri`, `modResource`.`uri_override` AS `modResource_uri_override`, `modResource`.`hide_children_in_tree` AS `modResource_hide_children_in_tree`, `modResource`.`show_in_tree` AS `modResource_show_in_tree`, `modResource`.`properties` AS `modResource_properties`, `modResource`.`alias_visible` AS `modResource_alias_visible` FROM `site_content` AS `modResource` WHERE  ( `modResource`.`parent` = ? AND `modResource`.`published` = ? AND `modResource`.`deleted` = ? )   - 
[2025-04-05 16:06:52] (ERROR @ /var/www/html/core/vendor/xpdo/xpdo/src/xPDO/Om/xPDOObject.php : 251) PHP warning: Trying to access array offset on value of type bool
[2025-04-05 16:06:52] (ERROR @ /var/www/html/core/vendor/xpdo/xpdo/src/xPDO/Om/xPDOObject.php : 251) PHP warning: Trying to access array offset on value of type bool
[2025-04-05 16:06:52] (ERROR in xPDO\xPDOConnection::connect @ /var/www/html/core/vendor/xpdo/xpdo/src/xPDO/xPDOConnection.php : 89) SQLSTATE[HY000] [2002] Connection refused
[2025-04-05 16:06:52] (ERROR @ /var/www/html/core/vendor/xpdo/xpdo/src/xPDO/Om/xPDOQuery.php : 670) Could not construct or prepare query because it is invalid or could not connect: SELECT `modResource`.`id` AS `modResource_id`, `modResource`.`type` AS `modResource_type`, `modResource`.`pagetitle` AS `modResource_pagetitle`, `modResource`.`longtitle` AS `modResource_longtitle`, `modResource`.`description` AS `modResource_description`, `modResource`.`alias` AS `modResource_alias`, `modResource`.`link_attributes` AS `modResource_link_attributes`, `modResource`.`published` AS `modResource_published`, `modResource`.`pub_date` AS `modResource_pub_date`, `modResource`.`unpub_date` AS `modResource_unpub_date`, `modResource`.`parent` AS `modResource_parent`, `modResource`.`isfolder` AS `modResource_isfolder`, `modResource`.`introtext` AS `modResource_introtext`, `modResource`.`content` AS `modResource_content`, `modResource`.`richtext` AS `modResource_richtext`, `modResource`.`template` AS `modResource_template`, `modResource`.`menuindex` AS `modResource_menuindex`, `modResource`.`searchable` AS `modResource_searchable`, `modResource`.`cacheable` AS `modResource_cacheable`, `modResource`.`createdby` AS `modResource_createdby`, `modResource`.`createdon` AS `modResource_createdon`, `modResource`.`editedby` AS `modResource_editedby`, `modResource`.`editedon` AS `modResource_editedon`, `modResource`.`deleted` AS `modResource_deleted`, `modResource`.`deletedon` AS `modResource_deletedon`, `modResource`.`deletedby` AS `modResource_deletedby`, `modResource`.`publishedon` AS `modResource_publishedon`, `modResource`.`publishedby` AS `modResource_publishedby`, `modResource`.`menutitle` AS `modResource_menutitle`, `modResource`.`content_dispo` AS `modResource_content_dispo`, `modResource`.`hidemenu` AS `modResource_hidemenu`, `modResource`.`class_key` AS `modResource_class_key`, `modResource`.`context_key` AS `modResource_context_key`, `modResource`.`content_type` AS `modResource_content_type`, `modResource`.`uri` AS `modResource_uri`, `modResource`.`uri_override` AS `modResource_uri_override`, `modResource`.`hide_children_in_tree` AS `modResource_hide_children_in_tree`, `modResource`.`show_in_tree` AS `modResource_show_in_tree`, `modResource`.`properties` AS `modResource_properties`, `modResource`.`alias_visible` AS `modResource_alias_visible` FROM `site_content` AS `modResource` WHERE  ( `modResource`.`parent` = ? AND `modResource`.`published` = ? AND `modResource`.`deleted` = ? )  
[2025-04-05 16:06:52] (ERROR in xPDO\xPDOConnection::connect @ /var/www/html/core/vendor/xpdo/xpdo/src/xPDO/xPDOConnection.php : 89) SQLSTATE[HY000] [2002] Connection refused
[2025-04-05 16:06:52] (ERROR @ /var/www/html/core/vendor/xpdo/xpdo/src/xPDO/Om/xPDOObject.php : 250) Error preparing statement for query: SELECT `modResource`.`id` AS `modResource_id`, `modResource`.`type` AS `modResource_type`, `modResource`.`pagetitle` AS `modResource_pagetitle`, `modResource`.`longtitle` AS `modResource_longtitle`, `modResource`.`description` AS `modResource_description`, `modResource`.`alias` AS `modResource_alias`, `modResource`.`link_attributes` AS `modResource_link_attributes`, `modResource`.`published` AS `modResource_published`, `modResource`.`pub_date` AS `modResource_pub_date`, `modResource`.`unpub_date` AS `modResource_unpub_date`, `modResource`.`parent` AS `modResource_parent`, `modResource`.`isfolder` AS `modResource_isfolder`, `modResource`.`introtext` AS `modResource_introtext`, `modResource`.`content` AS `modResource_content`, `modResource`.`richtext` AS `modResource_richtext`, `modResource`.`template` AS `modResource_template`, `modResource`.`menuindex` AS `modResource_menuindex`, `modResource`.`searchable` AS `modResource_searchable`, `modResource`.`cacheable` AS `modResource_cacheable`, `modResource`.`createdby` AS `modResource_createdby`, `modResource`.`createdon` AS `modResource_createdon`, `modResource`.`editedby` AS `modResource_editedby`, `modResource`.`editedon` AS `modResource_editedon`, `modResource`.`deleted` AS `modResource_deleted`, `modResource`.`deletedon` AS `modResource_deletedon`, `modResource`.`deletedby` AS `modResource_deletedby`, `modResource`.`publishedon` AS `modResource_publishedon`, `modResource`.`publishedby` AS `modResource_publishedby`, `modResource`.`menutitle` AS `modResource_menutitle`, `modResource`.`content_dispo` AS `modResource_content_dispo`, `modResource`.`hidemenu` AS `modResource_hidemenu`, `modResource`.`class_key` AS `modResource_class_key`, `modResource`.`context_key` AS `modResource_context_key`, `modResource`.`content_type` AS `modResource_content_type`, `modResource`.`uri` AS `modResource_uri`, `modResource`.`uri_override` AS `modResource_uri_override`, `modResource`.`hide_children_in_tree` AS `modResource_hide_children_in_tree`, `modResource`.`show_in_tree` AS `modResource_show_in_tree`, `modResource`.`properties` AS `modResource_properties`, `modResource`.`alias_visible` AS `modResource_alias_visible` FROM `site_content` AS `modResource` WHERE  ( `modResource`.`parent` = ? AND `modResource`.`published` = ? AND `modResource`.`deleted` = ? )   - 
[2025-04-05 16:06:52] (ERROR @ /var/www/html/core/vendor/xpdo/xpdo/src/xPDO/Om/xPDOObject.php : 251) PHP warning: Trying to access array offset on value of type bool
[2025-04-05 16:06:52] (ERROR @ /var/www/html/core/vendor/xpdo/xpdo/src/xPDO/Om/xPDOObject.php : 251) PHP warning: Trying to access array offset on value of type bool
[2025-04-05 16:06:52] (ERROR in xPDO\xPDOConnection::connect @ /var/www/html/core/vendor/xpdo/xpdo/src/xPDO/xPDOConnection.php : 89) SQLSTATE[HY000] [2002] Connection refused
[2025-04-05 16:06:52] (ERROR @ /var/www/html/core/vendor/xpdo/xpdo/src/xPDO/Om/xPDOQuery.php : 670) Could not construct or prepare query because it is invalid or could not connect: SELECT `modResource`.`id` AS `modResource_id`, `modResource`.`type` AS `modResource_type`, `modResource`.`pagetitle` AS `modResource_pagetitle`, `modResource`.`longtitle` AS `modResource_longtitle`, `modResource`.`description` AS `modResource_description`, `modResource`.`alias` AS `modResource_alias`, `modResource`.`link_attributes` AS `modResource_link_attributes`, `modResource`.`published` AS `modResource_published`, `modResource`.`pub_date` AS `modResource_pub_date`, `modResource`.`unpub_date` AS `modResource_unpub_date`, `modResource`.`parent` AS `modResource_parent`, `modResource`.`isfolder` AS `modResource_isfolder`, `modResource`.`introtext` AS `modResource_introtext`, `modResource`.`content` AS `modResource_content`, `modResource`.`richtext` AS `modResource_richtext`, `modResource`.`template` AS `modResource_template`, `modResource`.`menuindex` AS `modResource_menuindex`, `modResource`.`searchable` AS `modResource_searchable`, `modResource`.`cacheable` AS `modResource_cacheable`, `modResource`.`createdby` AS `modResource_createdby`, `modResource`.`createdon` AS `modResource_createdon`, `modResource`.`editedby` AS `modResource_editedby`, `modResource`.`editedon` AS `modResource_editedon`, `modResource`.`deleted` AS `modResource_deleted`, `modResource`.`deletedon` AS `modResource_deletedon`, `modResource`.`deletedby` AS `modResource_deletedby`, `modResource`.`publishedon` AS `modResource_publishedon`, `modResource`.`publishedby` AS `modResource_publishedby`, `modResource`.`menutitle` AS `modResource_menutitle`, `modResource`.`content_dispo` AS `modResource_content_dispo`, `modResource`.`hidemenu` AS `modResource_hidemenu`, `modResource`.`class_key` AS `modResource_class_key`, `modResource`.`context_key` AS `modResource_context_key`, `modResource`.`content_type` AS `modResource_content_type`, `modResource`.`uri` AS `modResource_uri`, `modResource`.`uri_override` AS `modResource_uri_override`, `modResource`.`hide_children_in_tree` AS `modResource_hide_children_in_tree`, `modResource`.`show_in_tree` AS `modResource_show_in_tree`, `modResource`.`properties` AS `modResource_properties`, `modResource`.`alias_visible` AS `modResource_alias_visible` FROM `site_content` AS `modResource` WHERE  ( `modResource`.`parent` = ? AND `modResource`.`published` = ? AND `modResource`.`deleted` = ? )  
[2025-04-05 16:06:52] (ERROR in xPDO\xPDOConnection::connect @ /var/www/html/core/vendor/xpdo/xpdo/src/xPDO/xPDOConnection.php : 89) SQLSTATE[HY000] [2002] Connection refused
[2025-04-05 16:06:52] (ERROR @ /var/www/html/core/vendor/xpdo/xpdo/src/xPDO/Om/xPDOObject.php : 250) Error preparing statement for query: SELECT `modResource`.`id` AS `modResource_id`, `modResource`.`type` AS `modResource_type`, `modResource`.`pagetitle` AS `modResource_pagetitle`, `modResource`.`longtitle` AS `modResource_longtitle`, `modResource`.`description` AS `modResource_description`, `modResource`.`alias` AS `modResource_alias`, `modResource`.`link_attributes` AS `modResource_link_attributes`, `modResource`.`published` AS `modResource_published`, `modResource`.`pub_date` AS `modResource_pub_date`, `modResource`.`unpub_date` AS `modResource_unpub_date`, `modResource`.`parent` AS `modResource_parent`, `modResource`.`isfolder` AS `modResource_isfolder`, `modResource`.`introtext` AS `modResource_introtext`, `modResource`.`content` AS `modResource_content`, `modResource`.`richtext` AS `modResource_richtext`, `modResource`.`template` AS `modResource_template`, `modResource`.`menuindex` AS `modResource_menuindex`, `modResource`.`searchable` AS `modResource_searchable`, `modResource`.`cacheable` AS `modResource_cacheable`, `modResource`.`createdby` AS `modResource_createdby`, `modResource`.`createdon` AS `modResource_createdon`, `modResource`.`editedby` AS `modResource_editedby`, `modResource`.`editedon` AS `modResource_editedon`, `modResource`.`deleted` AS `modResource_deleted`, `modResource`.`deletedon` AS `modResource_deletedon`, `modResource`.`deletedby` AS `modResource_deletedby`, `modResource`.`publishedon` AS `modResource_publishedon`, `modResource`.`publishedby` AS `modResource_publishedby`, `modResource`.`menutitle` AS `modResource_menutitle`, `modResource`.`content_dispo` AS `modResource_content_dispo`, `modResource`.`hidemenu` AS `modResource_hidemenu`, `modResource`.`class_key` AS `modResource_class_key`, `modResource`.`context_key` AS `modResource_context_key`, `modResource`.`content_type` AS `modResource_content_type`, `modResource`.`uri` AS `modResource_uri`, `modResource`.`uri_override` AS `modResource_uri_override`, `modResource`.`hide_children_in_tree` AS `modResource_hide_children_in_tree`, `modResource`.`show_in_tree` AS `modResource_show_in_tree`, `modResource`.`properties` AS `modResource_properties`, `modResource`.`alias_visible` AS `modResource_alias_visible` FROM `site_content` AS `modResource` WHERE  ( `modResource`.`parent` = ? AND `modResource`.`published` = ? AND `modResource`.`deleted` = ? )   - 
[2025-04-05 16:06:52] (ERROR @ /var/www/html/core/vendor/xpdo/xpdo/src/xPDO/Om/xPDOObject.php : 251) PHP warning: Trying to access array offset on value of type bool
[2025-04-05 16:06:52] (ERROR @ /var/www/html/core/vendor/xpdo/xpdo/src/xPDO/Om/xPDOObject.php : 251) PHP warning: Trying to access array offset on value of type bool
[2025-04-05 16:06:52] (ERROR in xPDO\xPDOConnection::connect @ /var/www/html/core/vendor/xpdo/xpdo/src/xPDO/xPDOConnection.php : 89) SQLSTATE[HY000] [2002] Connection refused
[2025-04-05 16:06:52] (ERROR @ /var/www/html/core/vendor/xpdo/xpdo/src/xPDO/Om/xPDOQuery.php : 670) Could not construct or prepare query because it is invalid or could not connect: SELECT `modSession`.`id` AS `modSession_id`, `modSession`.`access` AS `modSession_access`, `modSession`.`data` AS `modSession_data` FROM `session` AS `modSession` WHERE `modSession`.`id` = ? 
[2025-04-05 16:06:52] (ERROR in xPDO\xPDOConnection::connect @ /var/www/html/core/vendor/xpdo/xpdo/src/xPDO/xPDOConnection.php : 89) SQLSTATE[HY000] [2002] Connection refused
[2025-04-05 16:06:52] (ERROR @ /var/www/html/core/vendor/xpdo/xpdo/src/xPDO/Om/xPDOObject.php : 250) Error preparing statement for query: SELECT `modSession`.`id` AS `modSession_id`, `modSession`.`access` AS `modSession_access`, `modSession`.`data` AS `modSession_data` FROM `session` AS `modSession` WHERE `modSession`.`id` = ?  - 
[2025-04-05 16:06:52] (ERROR in xPDO\xPDOConnection::connect @ /var/www/html/core/vendor/xpdo/xpdo/src/xPDO/xPDOConnection.php : 89) SQLSTATE[HY000] [2002] Connection refused
[2025-04-05 16:06:52] (ERROR in xPDO\xPDOConnection::connect @ /var/www/html/core/vendor/xpdo/xpdo/src/xPDO/xPDOConnection.php : 89) SQLSTATE[HY000] [2002] Connection refused
[2025-04-05 16:06:52] (ERROR in xPDO\xPDOConnection::connect @ /var/www/html/core/vendor/xpdo/xpdo/src/xPDO/xPDOConnection.php : 89) SQLSTATE[HY000] [2002] Connection refused
[2025-04-05 16:06:52] (ERROR in xPDO\xPDOConnection::connect @ /var/www/html/core/vendor/xpdo/xpdo/src/xPDO/xPDOConnection.php : 89) SQLSTATE[HY000] [2002] Connection refused
[2025-04-05 16:06:52] (ERROR in xPDO\xPDOConnection::connect @ /var/www/html/core/vendor/xpdo/xpdo/src/xPDO/xPDOConnection.php : 89) SQLSTATE[HY000] [2002] Connection refused
[2025-04-05 16:06:52] (ERROR in xPDO\xPDOConnection::connect @ /var/www/html/core/vendor/xpdo/xpdo/src/xPDO/xPDOConnection.php : 89) SQLSTATE[HY000] [2002] Connection refused
[2025-04-05 16:06:52] (ERROR in xPDO\xPDOConnection::connect @ /var/www/html/core/vendor/xpdo/xpdo/src/xPDO/xPDOConnection.php : 89) SQLSTATE[HY000] [2002] Connection refused
[2025-04-05 16:06:52] (ERROR in xPDO\xPDOConnection::connect @ /var/www/html/core/vendor/xpdo/xpdo/src/xPDO/xPDOConnection.php : 89) SQLSTATE[HY000] [2002] Connection refused
[2025-04-05 16:06:52] (ERROR in xPDO\xPDOConnection::connect @ /var/www/html/core/vendor/xpdo/xpdo/src/xPDO/xPDOConnection.php : 89) SQLSTATE[HY000] [2002] Connection refused
[2025-04-05 16:06:52] (ERROR in xPDO\xPDOConnection::connect @ /var/www/html/core/vendor/xpdo/xpdo/src/xPDO/xPDOConnection.php : 89) SQLSTATE[HY000] [2002] Connection refused
[2025-04-05 16:06:52] (ERROR in xPDO\xPDOConnection::connect @ /var/www/html/core/vendor/xpdo/xpdo/src/xPDO/xPDOConnection.php : 89) SQLSTATE[HY000] [2002] Connection refused
[2025-04-05 16:06:52] (ERROR in xPDO\xPDOConnection::connect @ /var/www/html/core/vendor/xpdo/xpdo/src/xPDO/xPDOConnection.php : 89) SQLSTATE[HY000] [2002] Connection refused
[2025-04-05 16:06:52] (ERROR in xPDO\xPDOConnection::connect @ /var/www/html/core/vendor/xpdo/xpdo/src/xPDO/xPDOConnection.php : 89) SQLSTATE[HY000] [2002] Connection refused
[2025-04-05 16:06:52] (ERROR in xPDO\xPDOConnection::connect @ /var/www/html/core/vendor/xpdo/xpdo/src/xPDO/xPDOConnection.php : 89) SQLSTATE[HY000] [2002] Connection refused
[2025-04-05 16:08:20] (ERROR @ /var/www/html/core/src/Revolution/Transport/modTransportPackage.php : 756) PHP warning: A non-numeric value encountered
[2025-04-05 17:54:46] (ERROR @ /var/www/html/core/cache/includes/elements/modx/revolution/modplugin/1.include.cache.php : 78) PHP warning: Undefined property: ElementChunkCreateManagerController::$chunk
[2025-04-05 17:57:31] (ERROR @ /var/www/html/core/components/formit/src/FormIt/Hook/Email.php : 325) [FormIt] Произошла ошибка при попытке отправить почту. Невозможно запустить функцию mail().
[2025-04-05 18:04:13] (ERROR @ /var/www/html/core/src/Revolution/modParser.php : 512) Could not find snippet with name processFeedback.
[2025-04-05 18:04:13] (ERROR @ /var/www/html/core/src/Revolution/modParser.php : 512) Could not find snippet with name processFeedback.
[2025-04-05 18:04:13] (ERROR @ /var/www/html/core/src/Revolution/modParser.php : 512) Could not find snippet with name processFeedback.
[2025-04-05 18:04:25] (ERROR @ /var/www/html/core/src/Revolution/modParser.php : 512) Could not find snippet with name processFeedback.
[2025-04-05 18:04:25] (ERROR @ /var/www/html/core/src/Revolution/modParser.php : 512) Could not find snippet with name processFeedback.
[2025-04-05 18:04:25] (ERROR @ /var/www/html/core/src/Revolution/modParser.php : 512) Could not find snippet with name processFeedback.
[2025-04-05 18:06:58] (ERROR @ /var/www/html/core/cache/includes/elements/modx/revolution/modplugin/1.include.cache.php : 78) PHP warning: Undefined property: ElementChunkCreateManagerController::$chunk
[2025-04-05 18:23:12] (ERROR @ /var/www/html/core/vendor/xpdo/xpdo/src/xPDO/Om/xPDOObject.php : 227) Error 42000 executing statement: 
Array
(
    [0] => 42000
    [1] => 1055
    [2] => Expression #1 of SELECT list is not in GROUP BY clause and contains nonaggregated column 'modx_db.FormItForm.id' which is not functionally dependent on columns in GROUP BY clause; this is incompatible with sql_mode=only_full_group_by
)

[2025-04-05 18:35:11] (ERROR @ /var/www/html/core/components/formit/src/FormIt/Hook/Email.php : 325) [FormIt] Произошла ошибка при попытке отправить почту. Невозможно запустить функцию mail().
[2025-04-05 18:37:14] (ERROR @ /var/www/html/core/components/formit/src/FormIt/Hook/Email.php : 325) [FormIt] Произошла ошибка при попытке отправить почту. Пустое сообщение
[2025-04-05 18:37:44] (ERROR @ /var/www/html/core/components/formit/src/FormIt/Hook/Email.php : 325) [FormIt] Произошла ошибка при попытке отправить почту. Пустое сообщение
[2025-04-05 18:39:58] (ERROR @ /var/www/html/core/components/formit/src/FormIt/Hook/Email.php : 325) [FormIt] Произошла ошибка при попытке отправить почту. Невозможно запустить функцию mail().
[2025-04-05 18:40:03] (ERROR @ /var/www/html/core/components/formit/src/FormIt/Hook/Email.php : 325) [FormIt] Произошла ошибка при попытке отправить почту. Невозможно запустить функцию mail().
[2025-04-05 18:43:26] (ERROR @ /var/www/html/core/components/formit/src/FormIt/Hook/Email.php : 325) [FormIt] Произошла ошибка при попытке отправить почту. Пустое сообщение
[2025-04-05 18:44:04] (ERROR @ /var/www/html/core/components/formit/src/FormIt/Hook/Email.php : 325) [FormIt] Произошла ошибка при попытке отправить почту. Пустое сообщение
[2025-04-05 18:44:05] (ERROR @ /var/www/html/core/components/formit/src/FormIt/Hook/Email.php : 325) [FormIt] Произошла ошибка при попытке отправить почту. Пустое сообщение
[2025-04-05 18:44:36] (ERROR @ /var/www/html/core/vendor/xpdo/xpdo/src/xPDO/Om/xPDOObject.php : 227) Error 42000 executing statement: 
Array
(
    [0] => 42000
    [1] => 1055
    [2] => Expression #1 of SELECT list is not in GROUP BY clause and contains nonaggregated column 'modx_db.FormItForm.id' which is not functionally dependent on columns in GROUP BY clause; this is incompatible with sql_mode=only_full_group_by
)

[2025-04-05 18:49:15] (ERROR @ /var/www/html/core/vendor/xpdo/xpdo/src/xPDO/Om/xPDOObject.php : 227) Error 42000 executing statement: 
Array
(
    [0] => 42000
    [1] => 1055
    [2] => Expression #1 of SELECT list is not in GROUP BY clause and contains nonaggregated column 'modx_db.FormItForm.id' which is not functionally dependent on columns in GROUP BY clause; this is incompatible with sql_mode=only_full_group_by
)

